2022-04-01 04:15:45 PM excel_suffix: NEW

2022-04-01 04:15:45 PM data_processing: True

2022-04-01 04:15:45 PM find_unknown: False

2022-04-01 04:15:45 PM dealing_start_year: 1901

2022-04-01 04:16:01 PM Data Processing

2022-04-01 04:16:01 PM Reading table: Country, Time: 16s

2022-04-01 04:16:02 PM Reading table: TABLES, Time: 16 s

2022-04-01 04:16:11 PM Reading file: country_series, Time: 26 s

2022-04-01 04:16:12 PM Reading file: 136datasets, Time: 26 s

2022-04-01 04:16:12 PM 

2022-04-01 04:16:12 PM ====== WebDriver manager ======
2022-04-01 04:16:12 PM Current google-chrome version is 99.0.4844
2022-04-01 04:16:12 PM Get LATEST chromedriver version for 99.0.4844 google-chrome
2022-04-01 04:16:12 PM Trying to download new driver from https://chromedriver.storage.googleapis.com/99.0.4844.51/chromedriver_win32.zip
2022-04-01 04:16:15 PM Driver has been saved in cache [C:\Users\user\.wdm\drivers\chromedriver\win32\99.0.4844.51]
2022-04-01 04:16:17 PM Country: Italy, Reading file or url: http://dati.istat.it//Index.aspx?lang=en&QueryId=54757, sheet: Sequence of accounts current prices, frequency: A, Time: 31s

2022-04-01 04:16:17 PM Present File Exists. Reading Data From Default Path.

2022-04-01 04:16:17 PM Present File Exists. Reading Data From Default Path.

2022-04-01 04:16:17 PM Total New Items Found: 0 Time: 32 s

2022-04-01 04:16:17 PM Country: Italy, Reading file or url: http://dati.istat.it//Index.aspx?lang=en&QueryId=54758, sheet: Sequence of accounts chain linked, frequency: A, Time: 32s

2022-04-01 04:16:17 PM Present File Exists. Reading Data From Default Path.

2022-04-01 04:16:17 PM Present File Exists. Reading Data From Default Path.

2022-04-01 04:16:17 PM Total New Items Found: 0 Time: 32 s

2022-04-01 04:16:18 PM Country: Italy, Reading file or url: http://dati.istat.it//Index.aspx?lang=en&QueryId=54759, sheet: Output and value added by industry basic prices current prices, frequency: A, Time: 32s

2022-04-01 04:16:18 PM Downloading file: Output and value added by industry basic prices current prices

