2022-06-28 05:13:37 PM excel_suffix: test

2022-06-28 05:13:37 PM data_processing: True

2022-06-28 05:13:37 PM find_unknown: False

2022-06-28 05:13:37 PM dealing_start_year: 1901

2022-06-28 05:13:41 PM Data Processing

2022-06-28 05:13:41 PM Reading table: Country, Time: 4s

2022-06-28 05:13:41 PM Reading table: TABLES, Time: 4 s

2022-06-28 05:13:48 PM Reading file: country_series, Time: 11 s

2022-06-28 05:13:48 PM Reading file: 142datasets, Time: 11 s

2022-06-28 05:13:48 PM 

2022-06-28 05:13:48 PM ====== WebDriver manager ======
2022-06-28 05:13:48 PM Current google-chrome version is 102.0.5005
2022-06-28 05:13:48 PM Get LATEST chromedriver version for 102.0.5005 google-chrome
2022-06-28 05:13:48 PM Driver [C:\Users\user\.wdm\drivers\chromedriver\win32\102.0.5005.61\chromedriver.exe] found in cache
2022-06-28 05:13:50 PM Country: Norway, Reading file or url: https://www.ssb.no/en/statbank/sq/10060623, sheet: 10721 General government. Revenue and expenditure, frequency: A, Time: 12s

2022-06-28 05:13:50 PM Present File Exists. Reading Data From Default Path.

2022-06-28 05:13:50 PM Present File Exists. Reading Data From Default Path.

2022-06-28 05:13:50 PM Total New Items Found: 0 Time: 13 s

2022-06-28 05:13:50 PM Country: Norway, Reading file or url: https://www.ssb.no/en/statbank/sq/10060624, sheet: 10722 General government. Taxes and social security contributions, frequency: A, Time: 13s

2022-06-28 05:13:50 PM Present File Exists. Reading Data From Default Path.

2022-06-28 05:13:50 PM Present File Exists. Reading Data From Default Path.

2022-06-28 05:13:50 PM Total New Items Found: 0 Time: 13 s

2022-06-28 05:13:50 PM Country: Norway, Reading file or url: https://www.ssb.no/en/statbank/sq/10060639, sheet: 09170 Production account and income generation by industry contents and year, frequency: A, Time: 13s

2022-06-28 05:13:50 PM Present File Exists. Reading Data From Default Path.

2022-06-28 05:13:50 PM Present File Exists. Reading Data From Default Path.

2022-06-28 05:13:51 PM Total New Items Found: 0 Time: 13 s

2022-06-28 05:13:51 PM Country: Norway, Reading file or url: https://www.ssb.no/en/statbank/sq/10060640, sheet: 09174 Wages and salaries employment and productivity by industry contents and year, frequency: A, Time: 13s

2022-06-28 05:13:51 PM Present File Exists. Reading Data From Default Path.

2022-06-28 05:13:51 PM Present File Exists. Reading Data From Default Path.

2022-06-28 05:13:51 PM Total New Items Found: 0 Time: 14 s

2022-06-28 05:13:51 PM Country: Norway, Reading file or url: https://www.ssb.no/en/statbank/sq/10060642, sheet: 09181 Gross fixed capital formation and capital stocks by industry contents and year, frequency: A, Time: 14s

2022-06-28 05:13:51 PM Present File Exists. Reading Data From Default Path.

2022-06-28 05:13:51 PM Present File Exists. Reading Data From Default Path.

2022-06-28 05:13:51 PM Total New Items Found: 0 Time: 14 s

2022-06-28 05:13:51 PM Country: Norway, Reading file or url: https://www.ssb.no/en/statbank/sq/10060643, sheet: 09189 Final expenditure and gross domestic product by macroeconomic indicator contents and year, frequency: A, Time: 14s

2022-06-28 05:13:51 PM Present File Exists. Reading Data From Default Path.

2022-06-28 05:13:51 PM Present File Exists. Reading Data From Default Path.

2022-06-28 05:13:51 PM Total New Items Found: 0 Time: 14 s

2022-06-28 05:13:51 PM Country: Norway, Reading file or url: https://www.ssb.no/en/statbank/sq/10060684, sheet: 10799 Annual non-financial sector accounts. Income expenditure and saving, frequency: A, Time: 14s

2022-06-28 05:13:51 PM Present File Exists. Reading Data From Default Path.

2022-06-28 05:13:51 PM Present File Exists. Reading Data From Default Path.

2022-06-28 05:13:51 PM Present File Exists. Reading Data From Default Path.

2022-06-28 05:13:51 PM Present File Exists. Reading Data From Default Path.

2022-06-28 05:13:52 PM Total New Items Found: 0 Time: 14 s

2022-06-28 05:13:52 PM Country: Norway, Reading file or url: https://www.ssb.no/en/statbank/sq/10060686, sheet: 05803 Population 1 January and population changes during the calendar year, frequency: A, Time: 14s

2022-06-28 05:13:52 PM Present File Exists. Reading Data From Default Path.

2022-06-28 05:13:52 PM Present File Exists. Reading Data From Default Path.

2022-06-28 05:13:52 PM Total New Items Found: 0 Time: 15 s

2022-06-28 05:13:52 PM Country: Norway, Reading file or url: https://www.ssb.no/en/statbank/sq/10060812, sheet: 01222 Population and changes during the quarter, frequency: Q, Time: 15s

2022-06-28 05:13:52 PM Present File Exists. Reading Data From Default Path.

2022-06-28 05:13:52 PM Present File Exists. Reading Data From Default Path.

2022-06-28 05:13:52 PM Total New Items Found: 0 Time: 15 s

2022-06-28 05:13:52 PM Country: Norway, Reading file or url: https://www.ssb.no/en/statbank/sq/10060813, sheet: 04542 Employed persons total, frequency: Q, Time: 15s

2022-06-28 05:13:52 PM Present File Exists. Reading Data From Default Path.

2022-06-28 05:13:52 PM Present File Exists. Reading Data From Default Path.

2022-06-28 05:13:52 PM Total New Items Found: 0 Time: 15 s

2022-06-28 05:13:52 PM Country: Norway, Reading file or url: https://www.ssb.no/en/statbank/sq/10060814, sheet: 08518 Unemployed persons, frequency: Q, Time: 15s

2022-06-28 05:13:52 PM Present File Exists. Reading Data From Default Path.

2022-06-28 05:13:52 PM Present File Exists. Reading Data From Default Path.

2022-06-28 05:13:52 PM Total New Items Found: 0 Time: 15 s

2022-06-28 05:13:53 PM Country: Norway, Reading file or url: https://www.ssb.no/en/statbank/sq/10060815, sheet: 03777 Persons in the labour force, frequency: Q, Time: 15s

2022-06-28 05:13:53 PM Present File Exists. Reading Data From Default Path.

2022-06-28 05:13:53 PM Present File Exists. Reading Data From Default Path.

2022-06-28 05:13:53 PM Total New Items Found: 0 Time: 15 s

2022-06-28 05:13:53 PM Country: Norway, Reading file or url: https://www.ssb.no/en/statbank/sq/10060816, sheet: 07972 Employed persons by industry, frequency: Q, Time: 15s

2022-06-28 05:13:53 PM Present File Exists. Reading Data From Default Path.

2022-06-28 05:13:53 PM Present File Exists. Reading Data From Default Path.

2022-06-28 05:13:53 PM Total New Items Found: 0 Time: 16 s

2022-06-28 05:13:53 PM Country: Norway, Reading file or url: https://www.ssb.no/en/statbank/sq/10060822, sheet: 09190 Final expenditure and gross domestic product by contents macroeconomic indicator and quarter, frequency: Q, Time: 16s

2022-06-28 05:13:53 PM Downloading file: 09190 Final expenditure and gross domestic product by contents macroeconomic indicator and quarter

2022-06-28 05:13:59 PM Getting Data From Website

2022-06-28 05:14:10 PM Total New Items Found: 0 Time: 33 s

2022-06-28 05:14:11 PM Country: Norway, Reading file or url: https://www.ssb.no/en/statbank/sq/10060823, sheet: 09183 Gross fixed capital formation by quarter industry and contents(Main industries), frequency: Q, Time: 33s

2022-06-28 05:14:11 PM Downloading file: 09183 Gross fixed capital formation by quarter industry and contents(Main industries)

2022-06-28 05:14:12 PM Getting Data From Website

2022-06-28 05:14:22 PM Total New Items Found: 0 Time: 44 s

2022-06-28 05:14:22 PM Country: Norway, Reading file or url: https://www.ssb.no/en/statbank/sq/10060824, sheet: 09183 Gross fixed capital formation by quarter industry and contents(Asset type), frequency: Q, Time: 44s

2022-06-28 05:14:22 PM Downloading file: 09183 Gross fixed capital formation by quarter industry and contents(Asset type)

2022-06-28 05:14:23 PM Getting Data From Website

2022-06-28 05:14:33 PM Total New Items Found: 0 Time: 56 s

2022-06-28 05:14:33 PM Country: Norway, Reading file or url: https://www.ssb.no/en/statbank/sq/10060826, sheet: 10740 Financial account, frequency: Q, Time: 56s

2022-06-28 05:14:33 PM Downloading file: 10740 Financial account

2022-06-28 05:14:36 PM Getting Data From Website

2022-06-28 05:14:37 PM Traceback (most recent call last):
  File "C:\Users\user\Desktop\Github\INTLINE\INTLINE\INTLINE_extention.py", line 4078, in INTLINE_WEB
    WebDriverWait(chrome, 10).until(EC.element_to_be_clickable((By.ID, 'SaveAsHeaderButton'))).click()
  File "C:\Users\user\AppData\Local\Programs\Python\Python39\lib\site-packages\selenium\webdriver\remote\webelement.py", line 81, in click
    self._execute(Command.CLICK_ELEMENT)
  File "C:\Users\user\AppData\Local\Programs\Python\Python39\lib\site-packages\selenium\webdriver\remote\webelement.py", line 740, in _execute
    return self._parent.execute(command, params)
  File "C:\Users\user\AppData\Local\Programs\Python\Python39\lib\site-packages\selenium\webdriver\remote\webdriver.py", line 430, in execute
    self.error_handler.check_response(response)
  File "C:\Users\user\AppData\Local\Programs\Python\Python39\lib\site-packages\selenium\webdriver\remote\errorhandler.py", line 247, in check_response
    raise exception_class(message, screen, stacktrace)
selenium.common.exceptions.ElementClickInterceptedException: Message: element click intercepted: Element is not clickable at point (198, 850)
  (Session info: chrome=102.0.5005.115)
Stacktrace:
Backtrace:
	Ordinal0 [0x010FD953+2414931]
	Ordinal0 [0x0108F5E1+1963489]
	Ordinal0 [0x00F7C6B8+837304]
	Ordinal0 [0x00FAFC27+1047591]
	Ordinal0 [0x00FADC08+1039368]
	Ordinal0 [0x00FAB90B+1030411]
	Ordinal0 [0x00FAA659+1025625]
	Ordinal0 [0x00FA0293+983699]
	Ordinal0 [0x00FC449C+1131676]
	Ordinal0 [
2022-06-28 05:14:37 PM Getting Data From Website

2022-06-28 05:14:48 PM Total New Items Found: 0 Time: 71 s

2022-06-28 05:14:48 PM Country: Norway, Reading file or url: https://www.ssb.no/en/statbank/sq/10060827, sheet: 09672 Current and capital account (Exports), frequency: Q, Time: 71s

2022-06-28 05:14:48 PM Downloading file: 09672 Current and capital account (Exports)

2022-06-28 05:14:49 PM Getting Data From Website

2022-06-28 05:14:59 PM Total New Items Found: 0 Time: 82 s

2022-06-28 05:15:00 PM Country: Norway, Reading file or url: https://www.ssb.no/en/statbank/sq/10060828, sheet: 09672 Current and capital account (Imports), frequency: Q, Time: 82s

2022-06-28 05:15:00 PM Downloading file: 09672 Current and capital account (Imports)

2022-06-28 05:15:01 PM Getting Data From Website

2022-06-28 05:15:11 PM Total New Items Found: 0 Time: 94 s

2022-06-28 05:15:11 PM Country: Norway, Reading file or url: https://www.ssb.no/en/statbank/sq/10060830, sheet: 09672 Current and capital account (Balance From abroad), frequency: Q, Time: 94s

2022-06-28 05:15:11 PM Downloading file: 09672 Current and capital account (Balance From abroad)

2022-06-28 05:15:13 PM Getting Data From Website

2022-06-28 05:15:23 PM Total New Items Found: 0 Time: 105 s

2022-06-28 05:15:23 PM Country: Norway, Reading file or url: https://www.ssb.no/en/statbank/sq/10060831, sheet: 09672 Current and capital account (Balance To abroad), frequency: Q, Time: 106s

2022-06-28 05:15:23 PM Downloading file: 09672 Current and capital account (Balance To abroad)

2022-06-28 05:15:25 PM Getting Data From Website

2022-06-28 05:15:34 PM Total New Items Found: 0 Time: 117 s

2022-06-28 05:15:35 PM Country: Norway, Reading file or url: https://www.ssb.no/en/statbank/sq/10060832, sheet: 07221 Price for existing dwellings, frequency: Q, Time: 117s

2022-06-28 05:15:35 PM Downloading file: 07221 Price for existing dwellings

2022-06-28 05:15:36 PM Getting Data From Website

2022-06-28 05:15:46 PM Latest Base Year Received.

2022-06-28 05:15:46 PM Total New Items Found: 0 Time: 129 s

2022-06-28 05:15:46 PM Country: Norway, Reading file or url: https://www.ssb.no/en/statbank/sq/10060946, sheet: 08792 External trade in goods main figures, frequency: M, Time: 129s

2022-06-28 05:15:46 PM Downloading file: 08792 External trade in goods main figures

2022-06-28 05:15:47 PM Getting Data From Website

2022-06-28 05:15:57 PM Total New Items Found: 0 Time: 140 s

2022-06-28 05:15:58 PM Country: Norway, Reading file or url: https://www.ssb.no/en/statbank/sq/10060947, sheet: 08864 External Trade in goods main figures seasonal adjusted, frequency: M, Time: 140s

2022-06-28 05:15:58 PM Downloading file: 08864 External Trade in goods main figures seasonal adjusted

2022-06-28 05:15:59 PM Getting Data From Website

2022-06-28 05:16:09 PM Total New Items Found: 0 Time: 152 s

2022-06-28 05:16:09 PM Country: Norway, Reading file or url: https://www.ssb.no/en/statbank/sq/10060948, sheet: 03013 Consumer Price Index by Divisions, frequency: M, Time: 152s

2022-06-28 05:16:09 PM Downloading file: 03013 Consumer Price Index by Divisions

2022-06-28 05:16:12 PM Getting Data From Website

2022-06-28 05:16:22 PM Latest Base Year Received.

2022-06-28 05:16:22 PM Total New Items Found: 0 Time: 165 s

2022-06-28 05:16:22 PM Country: Norway, Reading file or url: https://www.ssb.no/en/statbank/sq/10060950, sheet: 08183 Consumer Price Index, frequency: M, Time: 165s

2022-06-28 05:16:22 PM Downloading file: 08183 Consumer Price Index

2022-06-28 05:16:24 PM Getting Data From Website

2022-06-28 05:16:33 PM Latest Base Year Received.

2022-06-28 05:16:34 PM Total New Items Found: 0 Time: 176 s

2022-06-28 05:16:34 PM Country: Norway, Reading file or url: https://www.ssb.no/en/statbank/sq/10060951, sheet: 03700 Harmonized index of consumer prices, frequency: M, Time: 176s

2022-06-28 05:16:34 PM Downloading file: 03700 Harmonized index of consumer prices

2022-06-28 05:16:36 PM Getting Data From Website

2022-06-28 05:16:37 PM Traceback (most recent call last):
  File "C:\Users\user\Desktop\Github\INTLINE\INTLINE\INTLINE_extention.py", line 4078, in INTLINE_WEB
    WebDriverWait(chrome, 10).until(EC.element_to_be_clickable((By.ID, 'SaveAsHeaderButton'))).click()
  File "C:\Users\user\AppData\Local\Programs\Python\Python39\lib\site-packages\selenium\webdriver\remote\webelement.py", line 81, in click
    self._execute(Command.CLICK_ELEMENT)
  File "C:\Users\user\AppData\Local\Programs\Python\Python39\lib\site-packages\selenium\webdriver\remote\webelement.py", line 740, in _execute
    return self._parent.execute(command, params)
  File "C:\Users\user\AppData\Local\Programs\Python\Python39\lib\site-packages\selenium\webdriver\remote\webdriver.py", line 430, in execute
    self.error_handler.check_response(response)
  File "C:\Users\user\AppData\Local\Programs\Python\Python39\lib\site-packages\selenium\webdriver\remote\errorhandler.py", line 247, in check_response
    raise exception_class(message, screen, stacktrace)
selenium.common.exceptions.ElementClickInterceptedException: Message: element click intercepted: Element is not clickable at point (198, 902)
  (Session info: chrome=102.0.5005.115)
Stacktrace:
Backtrace:
	Ordinal0 [0x010FD953+2414931]
	Ordinal0 [0x0108F5E1+1963489]
	Ordinal0 [0x00F7C6B8+837304]
	Ordinal0 [0x00FAFC27+1047591]
	Ordinal0 [0x00FADC08+1039368]
	Ordinal0 [0x00FAB90B+1030411]
	Ordinal0 [0x00FAA659+1025625]
	Ordinal0 [0x00FA0293+983699]
	Ordinal0 [0x00FC449C+1131676]
	Ordinal0 [
2022-06-28 05:16:37 PM Getting Data From Website

2022-06-28 05:16:46 PM Latest Base Year Received.

2022-06-28 05:16:47 PM Total New Items Found: 0 Time: 189 s

2022-06-28 05:16:47 PM Country: Norway, Reading file or url: https://www.ssb.no/en/statbank/sq/10060952, sheet: 08651 Construction cost index for residential buildings, frequency: M, Time: 189s

2022-06-28 05:16:47 PM Downloading file: 08651 Construction cost index for residential buildings

2022-06-28 05:16:49 PM Getting Data From Website

2022-06-28 05:16:50 PM Traceback (most recent call last):
  File "C:\Users\user\Desktop\Github\INTLINE\INTLINE\INTLINE_extention.py", line 4078, in INTLINE_WEB
    WebDriverWait(chrome, 10).until(EC.element_to_be_clickable((By.ID, 'SaveAsHeaderButton'))).click()
  File "C:\Users\user\AppData\Local\Programs\Python\Python39\lib\site-packages\selenium\webdriver\remote\webelement.py", line 81, in click
    self._execute(Command.CLICK_ELEMENT)
  File "C:\Users\user\AppData\Local\Programs\Python\Python39\lib\site-packages\selenium\webdriver\remote\webelement.py", line 740, in _execute
    return self._parent.execute(command, params)
  File "C:\Users\user\AppData\Local\Programs\Python\Python39\lib\site-packages\selenium\webdriver\remote\webdriver.py", line 430, in execute
    self.error_handler.check_response(response)
  File "C:\Users\user\AppData\Local\Programs\Python\Python39\lib\site-packages\selenium\webdriver\remote\errorhandler.py", line 247, in check_response
    raise exception_class(message, screen, stacktrace)
selenium.common.exceptions.ElementClickInterceptedException: Message: element click intercepted: Element is not clickable at point (198, 922)
  (Session info: chrome=102.0.5005.115)
Stacktrace:
Backtrace:
	Ordinal0 [0x010FD953+2414931]
	Ordinal0 [0x0108F5E1+1963489]
	Ordinal0 [0x00F7C6B8+837304]
	Ordinal0 [0x00FAFC27+1047591]
	Ordinal0 [0x00FADC08+1039368]
	Ordinal0 [0x00FAB90B+1030411]
	Ordinal0 [0x00FAA659+1025625]
	Ordinal0 [0x00FA0293+983699]
	Ordinal0 [0x00FC449C+1131676]
	Ordinal0 [
2022-06-28 05:16:50 PM Getting Data From Website

2022-06-28 05:17:00 PM Latest Base Year Received.

2022-06-28 05:17:00 PM Total New Items Found: 0 Time: 203 s

2022-06-28 05:17:00 PM Country: Norway, Reading file or url: https://www.ssb.no/en/statbank/sq/10060953, sheet: 13332 Employment and unemployment for persons aged 15-74, frequency: M, Time: 203s

2022-06-28 05:17:00 PM Downloading file: 13332 Employment and unemployment for persons aged 15-74

2022-06-28 05:17:02 PM Getting Data From Website

2022-06-28 05:17:04 PM Traceback (most recent call last):
  File "C:\Users\user\Desktop\Github\INTLINE\INTLINE\INTLINE_extention.py", line 4078, in INTLINE_WEB
    WebDriverWait(chrome, 10).until(EC.element_to_be_clickable((By.ID, 'SaveAsHeaderButton'))).click()
  File "C:\Users\user\AppData\Local\Programs\Python\Python39\lib\site-packages\selenium\webdriver\remote\webelement.py", line 81, in click
    self._execute(Command.CLICK_ELEMENT)
  File "C:\Users\user\AppData\Local\Programs\Python\Python39\lib\site-packages\selenium\webdriver\remote\webelement.py", line 740, in _execute
    return self._parent.execute(command, params)
  File "C:\Users\user\AppData\Local\Programs\Python\Python39\lib\site-packages\selenium\webdriver\remote\webdriver.py", line 430, in execute
    self.error_handler.check_response(response)
  File "C:\Users\user\AppData\Local\Programs\Python\Python39\lib\site-packages\selenium\webdriver\remote\errorhandler.py", line 247, in check_response
    raise exception_class(message, screen, stacktrace)
selenium.common.exceptions.ElementClickInterceptedException: Message: element click intercepted: Element is not clickable at point (198, 850)
  (Session info: chrome=102.0.5005.115)
Stacktrace:
Backtrace:
	Ordinal0 [0x010FD953+2414931]
	Ordinal0 [0x0108F5E1+1963489]
	Ordinal0 [0x00F7C6B8+837304]
	Ordinal0 [0x00FAFC27+1047591]
	Ordinal0 [0x00FADC08+1039368]
	Ordinal0 [0x00FAB90B+1030411]
	Ordinal0 [0x00FAA659+1025625]
	Ordinal0 [0x00FA0293+983699]
	Ordinal0 [0x00FC449C+1131676]
	Ordinal0 [
2022-06-28 05:17:04 PM Getting Data From Website

2022-06-28 05:17:13 PM Total New Items Found: 0 Time: 216 s

2022-06-28 05:17:13 PM Country: Norway, Reading file or url: https://www.ssb.no/en/statbank/sq/10060956, sheet: 07095 Index of production by Main Industrial Groupring, frequency: M, Time: 216s

2022-06-28 05:17:13 PM Downloading file: 07095 Index of production by Main Industrial Groupring

2022-06-28 05:17:15 PM Getting Data From Website

2022-06-28 05:17:25 PM Latest Base Year Received.

2022-06-28 05:17:25 PM Total New Items Found: 0 Time: 228 s

2022-06-28 05:17:25 PM Country: Norway, Reading file or url: https://www.ssb.no/en/statbank/sq/10060957, sheet: 07095 Index of production by Industry, frequency: M, Time: 228s

2022-06-28 05:17:25 PM Downloading file: 07095 Index of production by Industry

2022-06-28 05:17:26 PM Getting Data From Website

2022-06-28 05:17:37 PM Latest Base Year Received.

2022-06-28 05:17:37 PM Total New Items Found: 0 Time: 239 s

2022-06-28 05:17:37 PM Country: Norway, Reading file or url: https://www.ssb.no/en/statbank/sq/10060958, sheet: 07095 Index of production by contents Total, frequency: M, Time: 240s

2022-06-28 05:17:37 PM Downloading file: 07095 Index of production by contents Total

2022-06-28 05:17:38 PM Getting Data From Website

2022-06-28 05:17:48 PM Latest Base Year Received.

2022-06-28 05:17:48 PM Total New Items Found: 0 Time: 251 s

2022-06-28 05:17:48 PM Country: Norway, Reading file or url: https://www.ssb.no/en/statbank/sq/10060959, sheet: 12462 Producer price index, frequency: M, Time: 251s

2022-06-28 05:17:48 PM Downloading file: 12462 Producer price index

2022-06-28 05:17:50 PM Getting Data From Website

2022-06-28 05:17:51 PM Traceback (most recent call last):
  File "C:\Users\user\Desktop\Github\INTLINE\INTLINE\INTLINE_extention.py", line 4078, in INTLINE_WEB
    WebDriverWait(chrome, 10).until(EC.element_to_be_clickable((By.ID, 'SaveAsHeaderButton'))).click()
  File "C:\Users\user\AppData\Local\Programs\Python\Python39\lib\site-packages\selenium\webdriver\remote\webelement.py", line 81, in click
    self._execute(Command.CLICK_ELEMENT)
  File "C:\Users\user\AppData\Local\Programs\Python\Python39\lib\site-packages\selenium\webdriver\remote\webelement.py", line 740, in _execute
    return self._parent.execute(command, params)
  File "C:\Users\user\AppData\Local\Programs\Python\Python39\lib\site-packages\selenium\webdriver\remote\webdriver.py", line 430, in execute
    self.error_handler.check_response(response)
  File "C:\Users\user\AppData\Local\Programs\Python\Python39\lib\site-packages\selenium\webdriver\remote\errorhandler.py", line 247, in check_response
    raise exception_class(message, screen, stacktrace)
selenium.common.exceptions.ElementClickInterceptedException: Message: element click intercepted: Element is not clickable at point (198, 850)
  (Session info: chrome=102.0.5005.115)
Stacktrace:
Backtrace:
	Ordinal0 [0x010FD953+2414931]
	Ordinal0 [0x0108F5E1+1963489]
	Ordinal0 [0x00F7C6B8+837304]
	Ordinal0 [0x00FAFC27+1047591]
	Ordinal0 [0x00FADC08+1039368]
	Ordinal0 [0x00FAB90B+1030411]
	Ordinal0 [0x00FAA659+1025625]
	Ordinal0 [0x00FA0293+983699]
	Ordinal0 [0x00FC449C+1131676]
	Ordinal0 [
2022-06-28 05:17:51 PM Getting Data From Website

2022-06-28 05:18:01 PM Latest Base Year Received.

2022-06-28 05:18:01 PM Total New Items Found: 0 Time: 264 s

2022-06-28 05:18:01 PM Country: Norway, Reading file or url: https://www.ssb.no/en/statbank/sq/10060963, sheet: 12462 Producer price index Industry combined, frequency: M, Time: 264s

2022-06-28 05:18:01 PM Downloading file: 12462 Producer price index Industry combined

2022-06-28 05:18:03 PM Getting Data From Website

2022-06-28 05:18:04 PM Traceback (most recent call last):
  File "C:\Users\user\Desktop\Github\INTLINE\INTLINE\INTLINE_extention.py", line 4078, in INTLINE_WEB
    WebDriverWait(chrome, 10).until(EC.element_to_be_clickable((By.ID, 'SaveAsHeaderButton'))).click()
  File "C:\Users\user\AppData\Local\Programs\Python\Python39\lib\site-packages\selenium\webdriver\remote\webelement.py", line 81, in click
    self._execute(Command.CLICK_ELEMENT)
  File "C:\Users\user\AppData\Local\Programs\Python\Python39\lib\site-packages\selenium\webdriver\remote\webelement.py", line 740, in _execute
    return self._parent.execute(command, params)
  File "C:\Users\user\AppData\Local\Programs\Python\Python39\lib\site-packages\selenium\webdriver\remote\webdriver.py", line 430, in execute
    self.error_handler.check_response(response)
  File "C:\Users\user\AppData\Local\Programs\Python\Python39\lib\site-packages\selenium\webdriver\remote\errorhandler.py", line 247, in check_response
    raise exception_class(message, screen, stacktrace)
selenium.common.exceptions.ElementClickInterceptedException: Message: element click intercepted: Element is not clickable at point (198, 850)
  (Session info: chrome=102.0.5005.115)
Stacktrace:
Backtrace:
	Ordinal0 [0x010FD953+2414931]
	Ordinal0 [0x0108F5E1+1963489]
	Ordinal0 [0x00F7C6B8+837304]
	Ordinal0 [0x00FAFC27+1047591]
	Ordinal0 [0x00FADC08+1039368]
	Ordinal0 [0x00FAB90B+1030411]
	Ordinal0 [0x00FAA659+1025625]
	Ordinal0 [0x00FA0293+983699]
	Ordinal0 [0x00FC449C+1131676]
	Ordinal0 [
2022-06-28 05:18:04 PM Getting Data From Website

2022-06-28 05:18:14 PM Latest Base Year Received.

2022-06-28 05:18:14 PM Total New Items Found: 0 Time: 277 s

2022-06-28 05:18:14 PM Country: Norway, Reading file or url: https://www.ssb.no/en/statbank/sq/10060960, sheet: 07129 The Index of wholesale and retail trade, frequency: M, Time: 277s

2022-06-28 05:18:14 PM Downloading file: 07129 The Index of wholesale and retail trade

2022-06-28 05:18:15 PM Getting Data From Website

2022-06-28 05:18:25 PM Latest Base Year Received.

2022-06-28 05:18:25 PM Total New Items Found: 0 Time: 288 s

2022-06-28 05:18:25 PM Country: Norway, Reading file or url: https://www.ssb.no/en/statbank/sq/10060962, sheet: 10947 Monetary aggregate M3 by financial instrument, frequency: M, Time: 288s

2022-06-28 05:18:25 PM Downloading file: 10947 Monetary aggregate M3 by financial instrument

2022-06-28 05:18:27 PM Getting Data From Website

2022-06-28 05:18:37 PM Total New Items Found: 0 Time: 299 s

2022-06-28 05:18:37 PM Country: Norway, Reading file or url: https://www.ssb.no/en/statbank/sq/10060968, sheet: 10336 First time registered private cars, frequency: M, Time: 299s

2022-06-28 05:18:37 PM Downloading file: 10336 First time registered private cars

2022-06-28 05:18:38 PM Getting Data From Website

2022-06-28 05:18:48 PM Total New Items Found: 0 Time: 311 s

2022-06-28 05:18:48 PM Country: Norway, Reading file or url: https://www.nima.no/norsk-pmi/, sheet: Purchasing Managers Index, frequency: M, Time: 311s

2022-06-28 05:18:48 PM Present File Exists. Reading Data From Default Path.

2022-06-28 05:18:48 PM Present File Exists. Reading Data From Default Path.

2022-06-28 05:18:48 PM Total New Items Found: 0 Time: 311 s

2022-06-28 05:18:49 PM Country: Norway, Reading file or url: https://www.nav.no/en/home/work-and-stay-in-norway/relatert-informasjon/labour-market-information-in-english, sheet: Labour Market Statistics, frequency: M, Time: 311s

2022-06-28 05:18:49 PM Present File Exists. Reading Data From Default Path.

2022-06-28 05:18:49 PM Present File Exists. Reading Data From Default Path.

2022-06-28 05:18:49 PM Total New Items Found: 0 Time: 312 s

2022-06-28 05:18:50 PM Present File Exists. Reading Data From Default Path.

2022-06-28 05:18:50 PM Country: Norway, Reading file or url: ei_cphi_m_1_Data, sheet: 0, frequency: M, Time: 312s

2022-06-28 05:18:51 PM Total New Items Found: 0 Time: 314 s

2022-06-28 05:18:51 PM Reading file: Datasets, Time: 314 s

2022-06-28 05:18:52 PM Country: Norway, Reading file or url: https://www.investing.com/indices/oslo-all-share-historical-data, sheet: Oslo All Share Index, frequency: W, Time: 314s

2022-06-28 05:18:52 PM Present File Exists. Reading Data From Default Path.

2022-06-28 05:18:52 PM Total New Items Found: 0 Time: 314 s

2022-06-28 05:18:52 PM Country: Norway, Reading file or url: https://www.investing.com/indices/ose-benchamrk-historical-data, sheet: Oslo Benchmark Index, frequency: W, Time: 314s

2022-06-28 05:18:52 PM Present File Exists. Reading Data From Default Path.

2022-06-28 05:18:52 PM Total New Items Found: 0 Time: 315 s

2022-06-28 05:18:52 PM Country: Norway, Reading file or url: https://www.investing.com/indices/ose-benchamrk-historical-data, sheet: Oslo Benchmark Index, frequency: D, Time: 315s

2022-06-28 05:18:52 PM Present File Exists. Reading Data From Default Path.

2022-06-28 05:18:52 PM Total New Items Found: 0 Time: 315 s

2022-06-28 05:18:54 PM = ! = No new items were found.
